<?xml version="1.0" encoding="UTF-8"?>
<testng-results ignored="0" total="4" passed="4" failed="0" skipped="0">
  <reporter-output>
  </reporter-output>
  <suite started-at="2019-08-21T03:12:05Z" name="Default suite" finished-at="2019-08-21T03:12:32Z" duration-ms="27092">
    <groups>
    </groups>
    <test started-at="2019-08-21T03:12:05Z" name="Default test" finished-at="2019-08-21T03:12:32Z" duration-ms="27092">
      <class name="selenium.miPrimerTest">
        <test-method is-config="true" signature="inicializarBrowser()[pri:0, instance:selenium.miPrimerTest@2c34f934]" started-at="2019-08-21T03:12:05Z" name="inicializarBrowser" finished-at="2019-08-21T03:12:14Z" duration-ms="8207" status="PASS">
          <reporter-output>
          </reporter-output>
        </test-method> <!-- inicializarBrowser -->
        <test-method signature="registration()[pri:1, instance:selenium.miPrimerTest@2c34f934]" started-at="2019-08-21T03:12:14Z" name="registration" finished-at="2019-08-21T03:12:25Z" duration-ms="11028" status="PASS">
          <reporter-output>
          </reporter-output>
        </test-method> <!-- registration -->
        <test-method signature="LogIn()[pri:2, instance:selenium.miPrimerTest@2c34f934]" started-at="2019-08-21T03:12:25Z" name="LogIn" finished-at="2019-08-21T03:12:28Z" duration-ms="3299" status="PASS">
          <reporter-output>
          </reporter-output>
        </test-method> <!-- LogIn -->
        <test-method signature="Search()[pri:3, instance:selenium.miPrimerTest@2c34f934]" started-at="2019-08-21T03:12:28Z" name="Search" finished-at="2019-08-21T03:12:31Z" duration-ms="2634" status="PASS">
          <reporter-output>
          </reporter-output>
        </test-method> <!-- Search -->
        <test-method signature="Logout()[pri:4, instance:selenium.miPrimerTest@2c34f934]" started-at="2019-08-21T03:12:31Z" name="Logout" finished-at="2019-08-21T03:12:32Z" duration-ms="1749" status="PASS">
          <reporter-output>
          </reporter-output>
        </test-method> <!-- Logout -->
        <test-method is-config="true" signature="cerrarBrowser()[pri:0, instance:selenium.miPrimerTest@2c34f934]" started-at="2019-08-21T03:12:32Z" name="cerrarBrowser" finished-at="2019-08-21T03:12:32Z" duration-ms="92" status="PASS">
          <reporter-output>
          </reporter-output>
        </test-method> <!-- cerrarBrowser -->
      </class> <!-- selenium.miPrimerTest -->
    </test> <!-- Default test -->
  </suite> <!-- Default suite -->
</testng-results>
